<?xml version="1.0" encoding="UTF-8"?>
<testsuite name="edu.jsu.mcis.TicTacToeTest" tests="13" skipped="0" failures="0" errors="0" timestamp="2015-01-26T17:54:31" hostname="Scott-Laptop" time="0.025">
  <properties/>
  <testcase name="testTopLeftToBottomRightWin" classname="edu.jsu.mcis.TicTacToeTest" time="0.001"/>
  <testcase name="testColumnThreeWin" classname="edu.jsu.mcis.TicTacToeTest" time="0.0"/>
  <testcase name="testNoPlacesOnceGameIsOver" classname="edu.jsu.mcis.TicTacToeTest" time="0.0"/>
  <testcase name="testIsTheBoardFull" classname="edu.jsu.mcis.TicTacToeTest" time="0.0"/>
  <testcase name="testColumnOneWin" classname="edu.jsu.mcis.TicTacToeTest" time="0.0"/>
  <testcase name="testColumnTwoWin" classname="edu.jsu.mcis.TicTacToeTest" time="0.0"/>
  <testcase name="testTileWrittenWithO" classname="edu.jsu.mcis.TicTacToeTest" time="0.002"/>
  <testcase name="testTileWrittenWithX" classname="edu.jsu.mcis.TicTacToeTest" time="0.001"/>
  <testcase name="testTileCannotBeOverWritten" classname="edu.jsu.mcis.TicTacToeTest" time="0.0"/>
  <testcase name="testRowThreeWin" classname="edu.jsu.mcis.TicTacToeTest" time="0.001"/>
  <testcase name="testRowOneWin" classname="edu.jsu.mcis.TicTacToeTest" time="0.001"/>
  <testcase name="testRowTwoWin" classname="edu.jsu.mcis.TicTacToeTest" time="0.0"/>
  <testcase name="testTopRightToBottomLeftWin" classname="edu.jsu.mcis.TicTacToeTest" time="0.0"/>
  <system-out><![CDATA[]]></system-out>
  <system-err><![CDATA[]]></system-err>
</testsuite>
