<?xml version="1.0" encoding="UTF-8"?>
<testsuite name="edu.jsu.mcis.TicTacToeInterfaceTest" tests="3" skipped="0" failures="0" errors="0" timestamp="2015-02-01T19:57:54" hostname="Scott-PC" time="0.184">
  <properties/>
  <testcase name="testTileWrittenWithO" classname="edu.jsu.mcis.TicTacToeInterfaceTest" time="0.176"/>
  <testcase name="testTileWrittenWithX" classname="edu.jsu.mcis.TicTacToeInterfaceTest" time="0.004"/>
  <testcase name="testTileCannotBeOverWritten" classname="edu.jsu.mcis.TicTacToeInterfaceTest" time="0.003"/>
  <system-out><![CDATA[]]></system-out>
  <system-err><![CDATA[]]></system-err>
</testsuite>
